#
# A fatal error has been detected by the Java Runtime Environment:
#
#  EXCEPTION_ACCESS_VIOLATION (0xc0000005) at pc=0x617493cd, pid=6376, tid=0x00001418
#
# JRE version: Java(TM) SE Runtime Environment (8.0_92-b14) (build 1.8.0_92-b14)
# Java VM: Java HotSpot(TM) Client VM (25.92-b14 mixed mode windows-x86 )
# Problematic frame:
# C  [listSerialsj.dll+0x93cd]
#
# Failed to write core dump. Minidumps are not enabled by default on client versions of Windows
#
# If you would like to submit a bug report, please visit:
#   http://bugreport.java.com/bugreport/crash.jsp
# The crash happened outside the Java Virtual Machine in native code.
# See problematic frame for where to report the bug.
#

---------------  T H R E A D  ---------------

Current thread (0x25907c00):  JavaThread "cc.arduino.packages.discoverers.serial.SerialBoardsLister" [_thread_in_native, id=5144, stack(0x26340000,0x26390000)]

siginfo: ExceptionCode=0xc0000005, writing address 0x00000000

Registers:
EAX=0x00000000, EBX=0x00000968, ECX=0x00000000, EDX=0x00000001
ESP=0x2638eac0, EBP=0x2638ef18, ESI=0x00000002, EDI=0x0087f720
EIP=0x617493cd, EFLAGS=0x00010246

Top of Stack: (sp=0x2638eac0)
0x2638eac0:   0072b640 0000002e 00000002 00000000
0x2638ead0:   00000003 00000000 00000000 00000000
0x2638eae0:   2638eb60 6254631b 0000006c 7416a540
0x2638eaf0:   27fb6a90 00030303 0087f380 0000007e
0x2638eb00:   00000001 25907c00 00000076 00000200
0x2638eb10:   00000001 0000006c 00000072 0000008a
0x2638eb20:   008a7c00 00000000 384d4f43 0038ed00
0x2638eb30:   00425355 25907c00 258fd6b8 6269d319 

Instructions: (pc=0x617493cd)
0x617493ad:   8b 45 08 8b 90 94 00 00 00 85 d2 74 16 8b 40 2c
0x617493bd:   c7 44 24 04 2e 00 00 00 89 04 24 e8 73 14 00 00
0x617493cd:   c6 00 00 8d 85 04 fc ff ff 89 44 24 18 8d 85 0a
0x617493dd:   fc ff ff 89 44 24 10 a1 e4 01 75 61 c7 85 04 fc 


Register to memory mapping:

EAX=0x00000000 is an unknown value
EBX=0x00000968 is an unknown value
ECX=0x00000000 is an unknown value
EDX=0x00000001 is an unknown value
ESP=0x2638eac0 is pointing into the stack for thread: 0x25907c00
EBP=0x2638ef18 is pointing into the stack for thread: 0x25907c00
ESI=0x00000002 is an unknown value
EDI=0x0087f720 is an unknown value


Stack: [0x26340000,0x26390000],  sp=0x2638eac0,  free space=314k
Native frames: (J=compiled Java code, j=interpreted, Vv=VM code, C=native code)
C  [listSerialsj.dll+0x93cd]
C  [listSerialsj.dll+0x2211]

Java frames: (J=compiled Java code, j=interpreted, Vv=VM code)
J 13777  processing.app.Platform.listSerialsNative()[Ljava/lang/String; (0 bytes) @ 0x0260bdcf [0x0260bd90+0x3f]
J 13713 C1 cc.arduino.packages.discoverers.serial.SerialBoardsLister.retriggerDiscovery(Z)V (736 bytes) @ 0x02858e84 [0x02858d30+0x154]
J 13772 C1 cc.arduino.packages.discoverers.serial.SerialBoardsLister.run()V (13 bytes) @ 0x025e9314 [0x025e92d0+0x44]
J 3240% C1 java.util.TimerThread.mainLoop()V (232 bytes) @ 0x026e7714 [0x026e72e0+0x434]
j  java.util.TimerThread.run()V+1
v  ~StubRoutines::call_stub

---------------  P R O C E S S  ---------------

Java Threads: ( => current thread )
  0x271f5800 JavaThread "EventThread COM8" [_thread_in_native, id=3792, stack(0x28380000,0x283d0000)]
  0x271f6c00 JavaThread "JmDNS(DESKTOP-144FD8S.local.).Timer" daemon [_thread_blocked, id=120, stack(0x26930000,0x26980000)]
  0x271f9000 JavaThread "JmDNS(DESKTOP-144FD8S.local.).State.Timer" [_thread_blocked, id=5268, stack(0x24d00000,0x24d50000)]
  0x271f9c00 JavaThread "JmDNS(DESKTOP-144FD8S.local.).Timer" daemon [_thread_blocked, id=8768, stack(0x02470000,0x024c0000)]
  0x271f6400 JavaThread "SocketListener(DESKTOP-144FD8S.local.)" daemon [_thread_in_native, id=1804, stack(0x023b0000,0x02400000)]
  0x271f9800 JavaThread "DestroyJavaVM" [_thread_blocked, id=5800, stack(0x00ac0000,0x00b10000)]
  0x271f7000 JavaThread "AWT-EventQueue-0" [_thread_blocked, id=5936, stack(0x280f0000,0x28140000)]
  0x271f4c00 JavaThread "AWT-Shutdown" [_thread_blocked, id=8372, stack(0x27f60000,0x27fb0000)]
  0x271f4400 JavaThread "TimerQueue" daemon [_thread_blocked, id=5464, stack(0x27dd0000,0x27e20000)]
  0x26ca3800 JavaThread "Batik CleanerThread" daemon [_thread_blocked, id=5476, stack(0x27a90000,0x27ae0000)]
  0x26ca2c00 JavaThread "JmDNS(DESKTOP-144FD8S.local.).Timer" daemon [_thread_blocked, id=7136, stack(0x27690000,0x276e0000)]
  0x26ca4000 JavaThread "JmDNS(DESKTOP-144FD8S.local.).State.Timer" [_thread_blocked, id=2324, stack(0x27600000,0x27650000)]
  0x26ca2000 JavaThread "JmDNS(DESKTOP-144FD8S.local.).Timer" daemon [_thread_blocked, id=8540, stack(0x27570000,0x275c0000)]
  0x26ca3400 JavaThread "SocketListener(DESKTOP-144FD8S.local.)" daemon [_thread_in_native, id=2452, stack(0x274e0000,0x27530000)]
  0x26ca2800 JavaThread "JmDNS(DESKTOP-144FD8S.local.).Timer" daemon [_thread_blocked, id=500, stack(0x267a0000,0x267f0000)]
  0x26ca0c00 JavaThread "JmDNS(DESKTOP-144FD8S.local.).State.Timer" [_thread_blocked, id=8432, stack(0x26750000,0x267a0000)]
  0x26ca4800 JavaThread "JmDNS(DESKTOP-144FD8S.local.).Timer" daemon [_thread_blocked, id=7476, stack(0x26270000,0x262c0000)]
  0x26ca1c00 JavaThread "SocketListener(DESKTOP-144FD8S.local.)" daemon [_thread_in_native, id=7480, stack(0x261e0000,0x26230000)]
  0x26c26800 JavaThread "JmDNS(DESKTOP-144FD8S.local.).Timer" daemon [_thread_blocked, id=3408, stack(0x26050000,0x260a0000)]
  0x26c21c00 JavaThread "JmDNS(DESKTOP-144FD8S.local.).State.Timer" [_thread_blocked, id=1416, stack(0x25fc0000,0x26010000)]
  0x26c21400 JavaThread "JmDNS(DESKTOP-144FD8S.local.).Timer" daemon [_thread_blocked, id=3328, stack(0x25f30000,0x25f80000)]
  0x26c1dc00 JavaThread "SocketListener(DESKTOP-144FD8S.local.)" daemon [_thread_in_native, id=7244, stack(0x25d50000,0x25da0000)]
  0x2596fc00 JavaThread "cc.arduino.packages.discoverers.network.BoardReachabilityFilter" [_thread_blocked, id=8428, stack(0x26460000,0x264b0000)]
  0x2590b800 JavaThread "cc.arduino.packages.discoverers.network.NetworkChecker" [_thread_blocked, id=8756, stack(0x263d0000,0x26420000)]
=>0x25907c00 JavaThread "cc.arduino.packages.discoverers.serial.SerialBoardsLister" [_thread_in_native, id=5144, stack(0x26340000,0x26390000)]
  0x258ed000 JavaThread "AWT-Windows" daemon [_thread_in_native, id=8984, stack(0x25de0000,0x25e30000)]
  0x258ec000 JavaThread "Java2D Disposer" daemon [_thread_blocked, id=7248, stack(0x25cc0000,0x25d10000)]
  0x252ca800 JavaThread "Service Thread" daemon [_thread_blocked, id=8716, stack(0x256c0000,0x25710000)]
  0x252b1c00 JavaThread "C1 CompilerThread0" daemon [_thread_blocked, id=9124, stack(0x25630000,0x25680000)]
  0x252ae800 JavaThread "Attach Listener" daemon [_thread_blocked, id=8928, stack(0x255a0000,0x255f0000)]
  0x252ac800 JavaThread "Signal Dispatcher" daemon [_thread_blocked, id=4332, stack(0x24ec0000,0x24f10000)]
  0x2529ac00 JavaThread "Finalizer" daemon [_thread_blocked, id=264, stack(0x24e30000,0x24e80000)]
  0x25285000 JavaThread "Reference Handler" daemon [_thread_blocked, id=7000, stack(0x24da0000,0x24df0000)]

Other Threads:
  0x0236d800 VMThread [stack: 0x045a0000,0x045f0000] [id=6060]
  0x252dec00 WatcherThread [stack: 0x25750000,0x257a0000] [id=7076]

VM state:not at safepoint (normal execution)

VM Mutex/Monitor currently owned by a thread: None

Heap:
 def new generation   total 39424K, used 10520K [0x04600000, 0x070c0000, 0x0f0a0000)
  eden space 35072K,  29% used [0x04600000, 0x05045bb8, 0x06840000)
  from space 4352K,   0% used [0x06840000, 0x06840640, 0x06c80000)
  to   space 4352K,   0% used [0x06c80000, 0x06c80000, 0x070c0000)
 tenured generation   total 87424K, used 38379K [0x0f0a0000, 0x14600000, 0x24600000)
   the space 87424K,  43% used [0x0f0a0000, 0x1161af88, 0x1161b000, 0x14600000)
 Metaspace       used 20126K, capacity 20603K, committed 20864K, reserved 20864K

Card table byte_map: [0x24600000,0x24710000] byte_map_base: 0x245dd000

Polling page: 0x00a80000

CodeCache: size=32768Kb used=2501Kb max_used=3951Kb free=30266Kb
 bounds [0x02520000, 0x02900000, 0x04520000]
 total_blobs=1539 nmethods=1256 adapters=211
 compilation: enabled

Compilation events (10 events):
Event: 11579.579 Thread 0x252b1c00 14507             javax.swing.Timer::getLock (5 bytes)
Event: 11579.579 Thread 0x252b1c00 nmethod 14507 0x026073c8 code [0x026074c0, 0x02607540]
Event: 11589.233 Thread 0x252b1c00 14508             java.util.concurrent.DelayQueue::add (6 bytes)
Event: 11589.234 Thread 0x252b1c00 nmethod 14508 0x026f98c8 code [0x026f99c0, 0x026f9a4c]
Event: 11589.698 Thread 0x252b1c00 14509   !         java.awt.event.InvocationEvent::finishedDispatching (53 bytes)
Event: 11589.698 Thread 0x252b1c00 nmethod 14509 0x028f3ec8 code [0x028f3fe0, 0x028f4238]
Event: 11589.932 Thread 0x252b1c00 14510   !         javax.swing.TimerQueue::addTimer (82 bytes)
Event: 11589.932 Thread 0x252b1c00 nmethod 14510 0x025e2808 code [0x025e2940, 0x025e2aa0]
Event: 11599.105 Thread 0x252b1c00 14511             java.awt.geom.Path2D$Float::needRoom (72 bytes)
Event: 11599.105 Thread 0x252b1c00 nmethod 14511 0x02684e88 code [0x02684fb0, 0x02685114]

GC Heap History (10 events):
Event: 11583.486 GC heap before
{Heap before GC invocations=317 (full 2):
 def new generation   total 39424K, used 35074K [0x04600000, 0x070c0000, 0x0f0a0000)
  eden space 35072K, 100% used [0x04600000, 0x06840000, 0x06840000)
  from space 4352K,   0% used [0x06c80000, 0x06c80a38, 0x070c0000)
  to   space 4352K,   0% used [0x06840000, 0x06840000, 0x06c80000)
 tenured generation   total 87424K, used 38378K [0x0f0a0000, 0x14600000, 0x24600000)
   the space 87424K,  43% used [0x0f0a0000, 0x1161aaf0, 0x1161ac00, 0x14600000)
 Metaspace       used 20126K, capacity 20603K, committed 20864K, reserved 20864K
Event: 11583.487 GC heap after
Heap after GC invocations=318 (full 2):
 def new generation   total 39424K, used 2K [0x04600000, 0x070c0000, 0x0f0a0000)
  eden space 35072K,   0% used [0x04600000, 0x04600000, 0x06840000)
  from space 4352K,   0% used [0x06840000, 0x06840a38, 0x06c80000)
  to   space 4352K,   0% used [0x06c80000, 0x06c80000, 0x070c0000)
 tenured generation   total 87424K, used 38378K [0x0f0a0000, 0x14600000, 0x24600000)
   the space 87424K,  43% used [0x0f0a0000, 0x1161aaf0, 0x1161ac00, 0x14600000)
 Metaspace       used 20126K, capacity 20603K, committed 20864K, reserved 20864K
}
Event: 11587.236 GC heap before
{Heap before GC invocations=318 (full 2):
 def new generation   total 39424K, used 35074K [0x04600000, 0x070c0000, 0x0f0a0000)
  eden space 35072K, 100% used [0x04600000, 0x06840000, 0x06840000)
  from space 4352K,   0% used [0x06840000, 0x06840a38, 0x06c80000)
  to   space 4352K,   0% used [0x06c80000, 0x06c80000, 0x070c0000)
 tenured generation   total 87424K, used 38378K [0x0f0a0000, 0x14600000, 0x24600000)
   the space 87424K,  43% used [0x0f0a0000, 0x1161aaf0, 0x1161ac00, 0x14600000)
 Metaspace       used 20126K, capacity 20603K, committed 20864K, reserved 20864K
Event: 11587.237 GC heap after
Heap after GC invocations=319 (full 2):
 def new generation   total 39424K, used 1K [0x04600000, 0x070c0000, 0x0f0a0000)
  eden space 35072K,   0% used [0x04600000, 0x04600000, 0x06840000)
  from space 4352K,   0% used [0x06c80000, 0x06c80660, 0x070c0000)
  to   space 4352K,   0% used [0x06840000, 0x06840000, 0x06c80000)
 tenured generation   total 87424K, used 38379K [0x0f0a0000, 0x14600000, 0x24600000)
   the space 87424K,  43% used [0x0f0a0000, 0x1161af88, 0x1161b000, 0x14600000)
 Metaspace       used 20126K, capacity 20603K, committed 20864K, reserved 20864K
}
Event: 11591.063 GC heap before
{Heap before GC invocations=319 (full 2):
 def new generation   total 39424K, used 35073K [0x04600000, 0x070c0000, 0x0f0a0000)
  eden space 35072K, 100% used [0x04600000, 0x06840000, 0x06840000)
  from space 4352K,   0% used [0x06c80000, 0x06c80660, 0x070c0000)
  to   space 4352K,   0% used [0x06840000, 0x06840000, 0x06c80000)
 tenured generation   total 87424K, used 38379K [0x0f0a0000, 0x14600000, 0x24600000)
   the space 87424K,  43% used [0x0f0a0000, 0x1161af88, 0x1161b000, 0x14600000)
 Metaspace       used 20126K, capacity 20603K, committed 20864K, reserved 20864K
Event: 11591.064 GC heap after
Heap after GC invocations=320 (full 2):
 def new generation   total 39424K, used 1K [0x04600000, 0x070c0000, 0x0f0a0000)
  eden space 35072K,   0% used [0x04600000, 0x04600000, 0x06840000)
  from space 4352K,   0% used [0x06840000, 0x068405c0, 0x06c80000)
  to   space 4352K,   0% used [0x06c80000, 0x06c80000, 0x070c0000)
 tenured generation   total 87424K, used 38379K [0x0f0a0000, 0x14600000, 0x24600000)
   the space 87424K,  43% used [0x0f0a0000, 0x1161af88, 0x1161b000, 0x14600000)
 Metaspace       used 20126K, capacity 20603K, committed 20864K, reserved 20864K
}
Event: 11594.840 GC heap before
{Heap before GC invocations=320 (full 2):
 def new generation   total 39424K, used 35073K [0x04600000, 0x070c0000, 0x0f0a0000)
  eden space 35072K, 100% used [0x04600000, 0x06840000, 0x06840000)
  from space 4352K,   0% used [0x06840000, 0x068405c0, 0x06c80000)
  to   space 4352K,   0% used [0x06c80000, 0x06c80000, 0x070c0000)
 tenured generation   total 87424K, used 38379K [0x0f0a0000, 0x14600000, 0x24600000)
   the space 87424K,  43% used [0x0f0a0000, 0x1161af88, 0x1161b000, 0x14600000)
 Metaspace       used 20126K, capacity 20603K, committed 20864K, reserved 20864K
Event: 11594.841 GC heap after
Heap after GC invocations=321 (full 2):
 def new generation   total 39424K, used 1K [0x04600000, 0x070c0000, 0x0f0a0000)
  eden space 35072K,   0% used [0x04600000, 0x04600000, 0x06840000)
  from space 4352K,   0% used [0x06c80000, 0x06c80630, 0x070c0000)
  to   space 4352K,   0% used [0x06840000, 0x06840000, 0x06c80000)
 tenured generation   total 87424K, used 38379K [0x0f0a0000, 0x14600000, 0x24600000)
   the space 87424K,  43% used [0x0f0a0000, 0x1161af88, 0x1161b000, 0x14600000)
 Metaspace       used 20126K, capacity 20603K, committed 20864K, reserved 20864K
}
Event: 11598.558 GC heap before
{Heap before GC invocations=321 (full 2):
 def new generation   total 39424K, used 35073K [0x04600000, 0x070c0000, 0x0f0a0000)
  eden space 35072K, 100% used [0x04600000, 0x06840000, 0x06840000)
  from space 4352K,   0% used [0x06c80000, 0x06c80630, 0x070c0000)
  to   space 4352K,   0% used [0x06840000, 0x06840000, 0x06c80000)
 tenured generation   total 87424K, used 38379K [0x0f0a0000, 0x14600000, 0x24600000)
   the space 87424K,  43% used [0x0f0a0000, 0x1161af88, 0x1161b000, 0x14600000)
 Metaspace       used 20126K, capacity 20603K, committed 20864K, reserved 20864K
Event: 11598.559 GC heap after
Heap after GC invocations=322 (full 2):
 def new generation   total 39424K, used 1K [0x04600000, 0x070c0000, 0x0f0a0000)
  eden space 35072K,   0% used [0x04600000, 0x04600000, 0x06840000)
  from space 4352K,   0% used [0x06840000, 0x06840640, 0x06c80000)
  to   space 4352K,   0% used [0x06c80000, 0x06c80000, 0x070c0000)
 tenured generation   total 87424K, used 38379K [0x0f0a0000, 0x14600000, 0x24600000)
   the space 87424K,  43% used [0x0f0a0000, 0x1161af88, 0x1161b000, 0x14600000)
 Metaspace       used 20126K, capacity 20603K, committed 20864K, reserved 20864K
}

Deoptimization events (0 events):
No events

Internal exceptions (10 events):
Event: 11479.989 Thread 0x271f5000 Exception <a 'sun/nio/fs/WindowsException'> (0x06455350) thrown at [C:\workspace\8-2-build-windows-i586-cygwin\jdk8u92\6642\hotspot\src\share\vm\prims\jni.cpp, line 709]
Event: 11479.989 Thread 0x271f5000 Exception <a 'sun/nio/fs/WindowsException'> (0x06455b10) thrown at [C:\workspace\8-2-build-windows-i586-cygwin\jdk8u92\6642\hotspot\src\share\vm\prims\jni.cpp, line 709]
Event: 11479.991 Thread 0x271f5000 Exception <a 'sun/nio/fs/WindowsException'> (0x0645c278) thrown at [C:\workspace\8-2-build-windows-i586-cygwin\jdk8u92\6642\hotspot\src\share\vm\prims\jni.cpp, line 709]
Event: 11479.991 Thread 0x271f5000 Exception <a 'sun/nio/fs/WindowsException'> (0x0645c988) thrown at [C:\workspace\8-2-build-windows-i586-cygwin\jdk8u92\6642\hotspot\src\share\vm\prims\jni.cpp, line 709]
Event: 11479.992 Thread 0x271f5000 Exception <a 'sun/nio/fs/WindowsException'> (0x0646b220) thrown at [C:\workspace\8-2-build-windows-i586-cygwin\jdk8u92\6642\hotspot\src\share\vm\prims\jni.cpp, line 709]
Event: 11479.992 Thread 0x271f5000 Exception <a 'sun/nio/fs/WindowsException'> (0x0646b930) thrown at [C:\workspace\8-2-build-windows-i586-cygwin\jdk8u92\6642\hotspot\src\share\vm\prims\jni.cpp, line 709]
Event: 11479.994 Thread 0x271f5000 Exception <a 'sun/nio/fs/WindowsException'> (0x06476500) thrown at [C:\workspace\8-2-build-windows-i586-cygwin\jdk8u92\6642\hotspot\src\share\vm\prims\jni.cpp, line 709]
Event: 11479.994 Thread 0x271f5000 Exception <a 'sun/nio/fs/WindowsException'> (0x06476c38) thrown at [C:\workspace\8-2-build-windows-i586-cygwin\jdk8u92\6642\hotspot\src\share\vm\prims\jni.cpp, line 709]
Event: 11479.995 Thread 0x271f5000 Exception <a 'sun/nio/fs/WindowsException'> (0x06482b10) thrown at [C:\workspace\8-2-build-windows-i586-cygwin\jdk8u92\6642\hotspot\src\share\vm\prims\jni.cpp, line 709]
Event: 11479.995 Thread 0x271f5000 Exception <a 'sun/nio/fs/WindowsException'> (0x06483230) thrown at [C:\workspace\8-2-build-windows-i586-cygwin\jdk8u92\6642\hotspot\src\share\vm\prims\jni.cpp, line 709]

Events (10 events):
Event: 11587.237 Executing VM operation: GenCollectForAllocation done
Event: 11589.234 Thread 0x252b1c00 flushing nmethod 0x0286b088
Event: 11591.063 Executing VM operation: GenCollectForAllocation
Event: 11591.064 Executing VM operation: GenCollectForAllocation done
Event: 11594.840 Executing VM operation: GenCollectForAllocation
Event: 11594.841 Executing VM operation: GenCollectForAllocation done
Event: 11598.558 Executing VM operation: GenCollectForAllocation
Event: 11598.559 Executing VM operation: GenCollectForAllocation done
Event: 11599.105 Thread 0x252b1c00 flushing nmethod 0x025d8e08
Event: 11599.106 Thread 0x252b1c00 flushing nmethod 0x0263cf08


Dynamic libraries:
0x00b10000 - 0x00b43000 	C:\Program Files (x86)\Arduino\java\bin\javaw.exe
0x76ed0000 - 0x7704b000 	C:\Windows\SYSTEM32\ntdll.dll
0x76da0000 - 0x76e80000 	C:\Windows\SYSTEM32\KERNEL32.DLL
0x74550000 - 0x746ce000 	C:\Windows\SYSTEM32\KERNELBASE.dll
0x6c0e0000 - 0x6c10f000 	C:\Program Files\AVAST Software\Avast\aswhookx.dll
0x76690000 - 0x7670b000 	C:\Windows\SYSTEM32\ADVAPI32.dll
0x76310000 - 0x763ce000 	C:\Windows\SYSTEM32\msvcrt.dll
0x769b0000 - 0x769f4000 	C:\Windows\SYSTEM32\sechost.dll
0x768a0000 - 0x7694d000 	C:\Windows\SYSTEM32\RPCRT4.dll
0x73c00000 - 0x73c1e000 	C:\Windows\SYSTEM32\SspiCli.dll
0x73bf0000 - 0x73bfa000 	C:\Windows\SYSTEM32\CRYPTBASE.dll
0x75c30000 - 0x75c88000 	C:\Windows\SYSTEM32\bcryptPrimitives.dll
0x76460000 - 0x765a7000 	C:\Windows\SYSTEM32\USER32.dll
0x73e80000 - 0x73fcf000 	C:\Windows\SYSTEM32\GDI32.dll
0x6a560000 - 0x6a76f000 	C:\Windows\WinSxS\x86_microsoft.windows.common-controls_6595b64144ccf1df_6.0.10586.589_none_ea8aeaa1b9b5d5d4\COMCTL32.dll
0x73c20000 - 0x73ddd000 	C:\Windows\SYSTEM32\combase.dll
0x767e0000 - 0x7680b000 	C:\Windows\SYSTEM32\IMM32.DLL
0x66440000 - 0x664ff000 	C:\Program Files (x86)\Arduino\java\bin\msvcr100.dll
0x62530000 - 0x628fb000 	C:\Program Files (x86)\Arduino\java\bin\client\jvm.dll
0x75cf0000 - 0x75cf6000 	C:\Windows\SYSTEM32\PSAPI.DLL
0x73710000 - 0x73718000 	C:\Windows\SYSTEM32\WSOCK32.dll
0x76770000 - 0x767cf000 	C:\Windows\SYSTEM32\WS2_32.dll
0x6c930000 - 0x6c954000 	C:\Windows\SYSTEM32\WINMM.dll
0x73a80000 - 0x73a88000 	C:\Windows\SYSTEM32\VERSION.dll
0x6c900000 - 0x6c923000 	C:\Windows\SYSTEM32\WINMMBASE.dll
0x746d0000 - 0x74707000 	C:\Windows\SYSTEM32\cfgmgr32.dll
0x6c8c0000 - 0x6c8f1000 	C:\Program Files (x86)\Arduino\java\bin\splashscreen.dll
0x72070000 - 0x720e5000 	C:\Windows\system32\uxtheme.dll
0x76b80000 - 0x76c9f000 	C:\Windows\SYSTEM32\MSCTF.dll
0x72020000 - 0x7202c000 	C:\Program Files (x86)\Arduino\java\bin\verify.dll
0x6bbe0000 - 0x6bc01000 	C:\Program Files (x86)\Arduino\java\bin\java.dll
0x6c8a0000 - 0x6c8b3000 	C:\Program Files (x86)\Arduino\java\bin\zip.dll
0x76950000 - 0x7695c000 	C:\Windows\SYSTEM32\kernel.appcore.dll
0x74820000 - 0x75c1e000 	C:\Windows\SYSTEM32\SHELL32.dll
0x75d20000 - 0x7621a000 	C:\Windows\SYSTEM32\windows.storage.dll
0x76610000 - 0x76655000 	C:\Windows\SYSTEM32\shlwapi.dll
0x763d0000 - 0x7645d000 	C:\Windows\SYSTEM32\shcore.dll
0x76e80000 - 0x76ec4000 	C:\Windows\SYSTEM32\powrprof.dll
0x75c20000 - 0x75c2f000 	C:\Windows\SYSTEM32\profapi.dll
0x65260000 - 0x653a5000 	C:\Program Files (x86)\Arduino\java\bin\awt.dll
0x74770000 - 0x74805000 	C:\Windows\SYSTEM32\OLEAUT32.dll
0x6ccd0000 - 0x6cd62000 	C:\Windows\system32\apphelp.dll
0x72050000 - 0x7206d000 	C:\Windows\system32\dwmapi.dll
0x76220000 - 0x7630b000 	C:\Windows\SYSTEM32\ole32.dll
0x67870000 - 0x67886000 	C:\Program Files (x86)\Arduino\java\bin\net.dll
0x6f110000 - 0x6f15f000 	C:\Windows\system32\mswsock.dll
0x73140000 - 0x7316f000 	C:\Windows\SYSTEM32\IPHLPAPI.DLL
0x76680000 - 0x76687000 	C:\Windows\SYSTEM32\NSI.dll
0x6e640000 - 0x6e653000 	C:\Windows\SYSTEM32\dhcpcsvc6.DLL
0x61740000 - 0x6176c000 	C:\Program Files (x86)\Arduino\lib\listSerialsj.dll
0x74140000 - 0x7454b000 	C:\Windows\SYSTEM32\SETUPAPI.dll
0x6e620000 - 0x6e634000 	C:\Windows\SYSTEM32\dhcpcsvc.DLL
0x72d40000 - 0x72d53000 	C:\Windows\SYSTEM32\CRYPTSP.dll
0x72d10000 - 0x72d3f000 	C:\Windows\system32\rsaenh.dll
0x72cf0000 - 0x72d0b000 	C:\Windows\SYSTEM32\bcrypt.dll
0x721c0000 - 0x721d9000 	C:\Windows\SYSTEM32\USERENV.dll
0x6bda0000 - 0x6bdaf000 	C:\Program Files (x86)\Arduino\java\bin\nio.dll
0x72f80000 - 0x73004000 	C:\Windows\SYSTEM32\DNSAPI.dll
0x6e4f0000 - 0x6e511000 	C:\Program Files (x86)\Bonjour\mdnsNSP.dll
0x265c0000 - 0x265fd000 	C:\Users\olmanqj\AppData\Local\Temp\jna--1370695370\jna4082638501711301371.dll
0x67830000 - 0x67869000 	C:\Program Files (x86)\Arduino\java\bin\fontmanager.dll
0x67540000 - 0x67572000 	C:\Program Files (x86)\Arduino\java\bin\t2k.dll
0x6d3c0000 - 0x6d3c8000 	C:\Windows\System32\rasadhlp.dll
0x6d370000 - 0x6d3b7000 	C:\Windows\System32\fwpuclnt.dll
0x73bc0000 - 0x73be2000 	C:\Windows\SYSTEM32\DEVOBJ.dll
0x76960000 - 0x769a2000 	C:\Windows\SYSTEM32\WINTRUST.dll
0x74810000 - 0x7481e000 	C:\Windows\SYSTEM32\MSASN1.dll
0x76a00000 - 0x76b79000 	C:\Windows\SYSTEM32\CRYPT32.dll
0x651f0000 - 0x65259000 	C:\Program Files (x86)\Arduino\msvcp100.dll
0x65130000 - 0x651ee000 	C:\Program Files (x86)\Arduino\msvcr100.dll
0x27900000 - 0x27932000 	C:\Program Files (x86)\Arduino\lib\AStylej.dll
0x666b0000 - 0x666d4000 	C:\Program Files (x86)\Arduino\java\bin\dcpr.dll
0x76810000 - 0x76894000 	C:\Windows\SYSTEM32\clbcatq.dll
0x64ea0000 - 0x65013000 	C:\Windows\SYSTEM32\WindowsCodecs.dll
0x6be00000 - 0x6be41000 	C:\Windows\system32\dataexchange.dll
0x66dd0000 - 0x66fea000 	C:\Windows\system32\d3d11.dll
0x6bad0000 - 0x6bb77000 	C:\Windows\system32\dcomp.dll
0x6ba40000 - 0x6bac2000 	C:\Windows\system32\dxgi.dll
0x68380000 - 0x6844e000 	C:\Windows\system32\twinapi.appcore.dll
0x64690000 - 0x646b0000 	C:\Program Files (x86)\Arduino\java\bin\sunec.dll
0x6bba0000 - 0x6bba9000 	C:\Program Files (x86)\Arduino\java\bin\sunmscapi.dll
0x6e590000 - 0x6e5a2000 	C:\Windows\system32\napinsp.dll
0x6e570000 - 0x6e586000 	C:\Windows\system32\pnrpnsp.dll
0x6e550000 - 0x6e564000 	C:\Windows\system32\NLAapi.dll
0x6e540000 - 0x6e54b000 	C:\Windows\System32\winrnr.dll
0x6e520000 - 0x6e531000 	C:\Windows\System32\wshbth.dll
0x67400000 - 0x67449000 	C:\Windows\SYSTEM32\edputil.dll
0x64000000 - 0x6401b000 	C:\Users\olmanqj\.jssc\windows\jSSC-2.8_x86.dll
0x72e40000 - 0x72f7f000 	C:\Windows\SYSTEM32\dbghelp.dll

VM Arguments:
jvm_args: -Dsun.java2d.d3d=false -Djna.nosys=true -DAPP_DIR=C:\Program Files (x86)\Arduino -Xms128M -Xmx512M 
java_command: processing.app.Base C:\Users\olmanqj\arliss\arliss\arliss.ino
java_class_path (initial): C:\Program Files (x86)\Arduino\lib\apple.jar;C:\Program Files (x86)\Arduino\lib\arduino-core.jar;C:\Program Files (x86)\Arduino\lib\batik-1.8.jar;C:\Program Files (x86)\Arduino\lib\batik-anim-1.8.jar;C:\Program Files (x86)\Arduino\lib\batik-awt-util-1.8.jar;C:\Program Files (x86)\Arduino\lib\batik-bridge-1.8.jar;C:\Program Files (x86)\Arduino\lib\batik-codec-1.8.jar;C:\Program Files (x86)\Arduino\lib\batik-css-1.8.jar;C:\Program Files (x86)\Arduino\lib\batik-dom-1.8.jar;C:\Program Files (x86)\Arduino\lib\batik-ext-1.8.jar;C:\Program Files (x86)\Arduino\lib\batik-gvt-1.8.jar;C:\Program Files (x86)\Arduino\lib\batik-parser-1.8.jar;C:\Program Files (x86)\Arduino\lib\batik-rasterizer-1.8.jar;C:\Program Files (x86)\Arduino\lib\batik-script-1.8.jar;C:\Program Files (x86)\Arduino\lib\batik-squiggle-1.8.jar;C:\Program Files (x86)\Arduino\lib\batik-svg-dom-1.8.jar;C:\Program Files (x86)\Arduino\lib\batik-svgpp-1.8.jar;C:\Program Files (x86)\Arduino\lib\batik-transcoder-1.8.jar;C:\Program Files (x86)\Arduino\lib\batik-util-1.8.jar;C:\Program Files (x86)\Arduino\lib\batik-xml-1.8.jar;C:\Program Files (x86)\Arduino\lib\bcpg-jdk15on-152.jar;C:\Program Files (x86)\Arduino\lib\bcprov-jdk15on-152.jar;C:\Program Files (x86)\Arduino\lib\commons-codec-1.7.jar;C:\Program Files (x86)\Arduino\lib\commons-compress-1.8.jar;C:\Program Files (x86)\Arduino\lib\commons-exec-1.1.jar;C:\Program Files (x86)\Arduino\lib\commons-httpclient-3.1.jar;C:\Program Files (x86)\Arduino\lib\commons-lang3-3.3.2.jar;C:\Program Files (x86)\Arduino\lib\commons-logging-1.0.4.jar;C:\Program Files (x86)\Arduino\lib\commons-net-3.3.jar;C:\Program Files (x86)\Arduino\lib\jackson-annotations-2.6.3.jar;C:\Program Files (x86)\Arduino\lib\jackson-core-2.6.3.jar;C:\Program Files (x86)\Arduino\lib\jackson-databind-2.6.3.jar;C:\Program Files (x86)\Arduino\lib\jackson-module-mrbean-2.6.3.jar;C:\Program Files (x86)\Arduino\lib\java-semver-0.8.0.jar;C:\Program Files (x86)\Arduino\lib\jmdns-3.4.1.j
Launcher Type: SUN_STANDARD

Environment Variables:
PATH=C:\Python27\;C:\Python27\Scripts;C:\WATCOM\BINNT;C:\WATCOM\BINW;C:\ProgramData\Oracle\Java\javapath;C:\Program Files (x86)\Intel\iCLS Client\;C:\Program Files\Intel\iCLS Client\;C:\Windows\system32;C:\Windows;C:\Windows\System32\Wbem;C:\Windows\System32\WindowsPowerShell\v1.0\;C:\Program Files (x86)\Intel\Intel(R) Management Engine Components\DAL;C:\Program Files\Intel\Intel(R) Management Engine Components\DAL;C:\Program Files (x86)\Intel\Intel(R) Management Engine Components\IPT;C:\Program Files\Intel\Intel(R) Management Engine Components\IPT;C:\Program Files\Intel\WiFi\bin\;C:\Program Files\Common Files\Intel\WirelessCommon\;C:\Windows\system32\config\systemprofile\.dnx\bin;C:\Program Files\Microsoft DNX\Dnvm\;C:\Program Files\Microsoft SQL Server\130\Tools\Binn\;C:\Program Files\Git\cmd;C:\Program Files (x86)\Windows Kits\10\Windows Performance Toolkit\;C:\Program Files (x86)\Skype\Phone\;C:\MinGW\bin;C:\avr32-gnu-toolchain\bin;C:\Program Files (x86)\Arduino\java\bin
USERNAME=olmanqj
OS=Windows_NT
PROCESSOR_IDENTIFIER=Intel64 Family 6 Model 61 Stepping 4, GenuineIntel



---------------  S Y S T E M  ---------------

OS: Windows 10.0 , 64 bit Build 10586 (10.0.10586.589)

CPU:total 4 (2 cores per cpu, 2 threads per core) family 6 model 61 stepping 4, cmov, cx8, fxsr, mmx, sse, sse2, sse3, ssse3, sse4.1, sse4.2, popcnt, avx, avx2, aes, clmul, erms, 3dnowpref, lzcnt, ht, tsc, tscinvbit, bmi1, bmi2, adx

Memory: 4k page, physical 4102136k(1493832k free), swap 6592504k(2896256k free)

vm_info: Java HotSpot(TM) Client VM (25.92-b14) for windows-x86 JRE (1.8.0_92-b14), built on Mar 31 2016 21:09:21 by "java_re" with MS VC++ 10.0 (VS2010)

time: Tue Aug 22 06:42:02 2017
elapsed time: 11599 seconds (0d 3h 13m 19s)

