#
# A fatal error has been detected by the Java Runtime Environment:
#
#  EXCEPTION_ACCESS_VIOLATION (0xc0000005) at pc=0x617493cd, pid=5668, tid=0x00002060
#
# JRE version: Java(TM) SE Runtime Environment (8.0_92-b14) (build 1.8.0_92-b14)
# Java VM: Java HotSpot(TM) Client VM (25.92-b14 mixed mode windows-x86 )
# Problematic frame:
# C  [listSerialsj.dll+0x93cd]
#
# Failed to write core dump. Minidumps are not enabled by default on client versions of Windows
#
# If you would like to submit a bug report, please visit:
#   http://bugreport.java.com/bugreport/crash.jsp
# The crash happened outside the Java Virtual Machine in native code.
# See problematic frame for where to report the bug.
#

---------------  T H R E A D  ---------------

Current thread (0x26451800):  JavaThread "cc.arduino.packages.discoverers.serial.SerialBoardsLister" [_thread_in_native, id=8288, stack(0x26e80000,0x26ed0000)]

siginfo: ExceptionCode=0xc0000005, writing address 0x00000000

Registers:
EAX=0x00000000, EBX=0x00000b14, ECX=0x00000000, EDX=0x00000001
ESP=0x26ecef80, EBP=0x26ecf3d8, ESI=0x00000002, EDI=0x013a91f0
EIP=0x617493cd, EFLAGS=0x00010246

Top of Stack: (sp=0x26ecef80)
0x26ecef80:   00faebd8 0000002e 00000002 00000000
0x26ecef90:   00000003 00000000 00000000 00000032
0x26ecefa0:   00000000 00000000 0000006c 763aa540
0x26ecefb0:   28f48c98 01000000 013a9760 00000047
0x26ecefc0:   032bd3c3 26ecf034 00000076 00000200
0x26ecefd0:   00000001 0000006c 00000072 69726553
0x26ecefe0:   44206c61 63697665 374d4f43 00374d00
0x26eceff0:   00425355 74726f50 4f432820 0029324d 

Instructions: (pc=0x617493cd)
0x617493ad:   8b 45 08 8b 90 94 00 00 00 85 d2 74 16 8b 40 2c
0x617493bd:   c7 44 24 04 2e 00 00 00 89 04 24 e8 73 14 00 00
0x617493cd:   c6 00 00 8d 85 04 fc ff ff 89 44 24 18 8d 85 0a
0x617493dd:   fc ff ff 89 44 24 10 a1 e4 01 75 61 c7 85 04 fc 


Register to memory mapping:

EAX=0x00000000 is an unknown value
EBX=0x00000b14 is an unknown value
ECX=0x00000000 is an unknown value
EDX=0x00000001 is an unknown value
ESP=0x26ecef80 is pointing into the stack for thread: 0x26451800
EBP=0x26ecf3d8 is pointing into the stack for thread: 0x26451800
ESI=0x00000002 is an unknown value
EDI=0x013a91f0 is an unknown value


Stack: [0x26e80000,0x26ed0000],  sp=0x26ecef80,  free space=315k
Native frames: (J=compiled Java code, j=interpreted, Vv=VM code, C=native code)
C  [listSerialsj.dll+0x93cd]
C  [listSerialsj.dll+0x2211]

Java frames: (J=compiled Java code, j=interpreted, Vv=VM code)
j  processing.app.Platform.resolveDeviceAttachedToNative(Ljava/lang/String;)Ljava/lang/String;+0
j  processing.app.Platform.resolveDeviceByVendorIdProductId(Ljava/lang/String;Ljava/util/Map;)Ljava/util/Map;+2
j  cc.arduino.packages.discoverers.serial.SerialBoardsLister.retriggerDiscovery(Z)V+309
j  cc.arduino.packages.discoverers.serial.SerialBoardsLister.run()V+9
j  java.util.TimerThread.mainLoop()V+221
j  java.util.TimerThread.run()V+1
v  ~StubRoutines::call_stub

---------------  P R O C E S S  ---------------

Java Threads: ( => current thread )
  0x27aeb800 JavaThread "Keep-Alive-SocketCleaner" daemon [_thread_blocked, id=7772, stack(0x28950000,0x289a0000)]
  0x27aeb000 JavaThread "JmDNS(DESKTOP-144FD8S.local.).Timer" daemon [_thread_blocked, id=5732, stack(0x26d40000,0x26d90000)]
  0x27af2000 JavaThread "JmDNS(DESKTOP-144FD8S.local.).State.Timer" [_thread_blocked, id=2740, stack(0x26cb0000,0x26d00000)]
  0x27af1c00 JavaThread "JmDNS(DESKTOP-144FD8S.local.).Timer" daemon [_thread_blocked, id=6124, stack(0x26c20000,0x26c70000)]
  0x27aef000 JavaThread "SocketListener(DESKTOP-144FD8S.local.)" daemon [_thread_in_native, id=5640, stack(0x26b90000,0x26be0000)]
  0x27aec800 JavaThread "JmDNS(DESKTOP-144FD8S.local.).Timer" daemon [_thread_blocked, id=8132, stack(0x26b00000,0x26b50000)]
  0x27aefc00 JavaThread "JmDNS(DESKTOP-144FD8S.local.).State.Timer" [_thread_blocked, id=3372, stack(0x26a70000,0x26ac0000)]
  0x27aee400 JavaThread "JmDNS(DESKTOP-144FD8S.local.).Timer" daemon [_thread_blocked, id=7288, stack(0x257f0000,0x25840000)]
  0x27af1400 JavaThread "SocketListener(DESKTOP-144FD8S.local.)" daemon [_thread_in_native, id=6108, stack(0x02d10000,0x02d60000)]
  0x27aef400 JavaThread "DestroyJavaVM" [_thread_blocked, id=9012, stack(0x02ed0000,0x02f20000)]
  0x27806800 JavaThread "AWT-EventQueue-0" [_thread_blocked, id=4420, stack(0x28d00000,0x28d50000)]
  0x27809800 JavaThread "AWT-Shutdown" [_thread_blocked, id=1040, stack(0x28c70000,0x28cc0000)]
  0x27809400 JavaThread "TimerQueue" daemon [_thread_blocked, id=2760, stack(0x28ae0000,0x28b30000)]
  0x27807400 JavaThread "Batik CleanerThread" daemon [_thread_blocked, id=1784, stack(0x288c0000,0x28910000)]
  0x27808c00 JavaThread "JmDNS(DESKTOP-144FD8S.local.).Timer" daemon [_thread_blocked, id=6416, stack(0x284c0000,0x28510000)]
  0x27806c00 JavaThread "JmDNS(DESKTOP-144FD8S.local.).State.Timer" [_thread_blocked, id=1444, stack(0x28430000,0x28480000)]
  0x27808800 JavaThread "JmDNS(DESKTOP-144FD8S.local.).Timer" daemon [_thread_blocked, id=4816, stack(0x283a0000,0x283f0000)]
  0x27808000 JavaThread "SocketListener(DESKTOP-144FD8S.local.)" daemon [_thread_in_native, id=8484, stack(0x28310000,0x28360000)]
  0x277ecc00 JavaThread "JmDNS(DESKTOP-144FD8S.local.).Timer" daemon [_thread_blocked, id=8992, stack(0x28180000,0x281d0000)]
  0x277ec400 JavaThread "JmDNS(DESKTOP-144FD8S.local.).State.Timer" [_thread_blocked, id=7368, stack(0x280f0000,0x28140000)]
  0x277ea000 JavaThread "JmDNS(DESKTOP-144FD8S.local.).Timer" daemon [_thread_blocked, id=8548, stack(0x26890000,0x268e0000)]
  0x277e9800 JavaThread "SocketListener(DESKTOP-144FD8S.local.)" daemon [_thread_in_native, id=8800, stack(0x02f60000,0x02fb0000)]
  0x26478400 JavaThread "cc.arduino.packages.discoverers.network.BoardReachabilityFilter" [_thread_blocked, id=3108, stack(0x26fa0000,0x26ff0000)]
  0x26451c00 JavaThread "cc.arduino.packages.discoverers.network.NetworkChecker" [_thread_blocked, id=8244, stack(0x26f10000,0x26f60000)]
=>0x26451800 JavaThread "cc.arduino.packages.discoverers.serial.SerialBoardsLister" [_thread_in_native, id=8288, stack(0x26e80000,0x26ed0000)]
  0x26431400 JavaThread "AWT-Windows" daemon [_thread_in_native, id=8404, stack(0x26920000,0x26970000)]
  0x26430000 JavaThread "Java2D Disposer" daemon [_thread_blocked, id=548, stack(0x26800000,0x26850000)]
  0x25dcdc00 JavaThread "Service Thread" daemon [_thread_blocked, id=2280, stack(0x26200000,0x26250000)]
  0x25db3400 JavaThread "C1 CompilerThread0" daemon [_thread_blocked, id=8880, stack(0x26170000,0x261c0000)]
  0x25db1c00 JavaThread "Attach Listener" daemon [_thread_blocked, id=7716, stack(0x260e0000,0x26130000)]
  0x25daf800 JavaThread "Signal Dispatcher" daemon [_thread_blocked, id=8872, stack(0x26050000,0x260a0000)]
  0x25d92400 JavaThread "Finalizer" daemon [_thread_blocked, id=9024, stack(0x25970000,0x259c0000)]
  0x25d7c400 JavaThread "Reference Handler" daemon [_thread_blocked, id=3124, stack(0x258e0000,0x25930000)]

Other Threads:
  0x02ecc400 VMThread [stack: 0x25850000,0x258a0000] [id=8028]
  0x25dad400 WatcherThread [stack: 0x26290000,0x262e0000] [id=8676]

VM state:not at safepoint (normal execution)

VM Mutex/Monitor currently owned by a thread: None

Heap:
 def new generation   total 39424K, used 17348K [0x05200000, 0x07cc0000, 0x0fca0000)
  eden space 35072K,  44% used [0x05200000, 0x0613df48, 0x07440000)
  from space 4352K,  40% used [0x07880000, 0x07a33460, 0x07cc0000)
  to   space 4352K,   0% used [0x07440000, 0x07440000, 0x07880000)
 tenured generation   total 87424K, used 29412K [0x0fca0000, 0x15200000, 0x25200000)
   the space 87424K,  33% used [0x0fca0000, 0x11959368, 0x11959400, 0x15200000)
 Metaspace       used 20045K, capacity 20518K, committed 20736K, reserved 20864K

Card table byte_map: [0x05080000,0x05190000] byte_map_base: 0x05057000

Polling page: 0x00fe0000

CodeCache: size=32768Kb used=1920Kb max_used=4592Kb free=30847Kb
 bounds [0x03080000, 0x03500000, 0x05080000]
 total_blobs=1191 nmethods=914 adapters=206
 compilation: enabled

Compilation events (10 events):
Event: 1477.553 Thread 0x25db3400 6992             java.lang.String::startsWith (7 bytes)
Event: 1477.553 Thread 0x25db3400 nmethod 6992 0x0318a448 code [0x0318a540, 0x0318a5dc]
Event: 1477.553 Thread 0x25db3400 6993             java.util.LinkedHashMap$LinkedKeyIterator::next (8 bytes)
Event: 1477.554 Thread 0x25db3400 nmethod 6993 0x03381dc8 code [0x03381ed0, 0x03381f6c]
Event: 1477.554 Thread 0x25db3400 6994             java.util.HashMap$Node::getKey (5 bytes)
Event: 1477.554 Thread 0x25db3400 nmethod 6994 0x0318b808 code [0x0318b900, 0x0318b980]
Event: 1479.042 Thread 0x25db3400 6995             sun.awt.MostRecentKeyValue::setPair (11 bytes)
Event: 1479.043 Thread 0x25db3400 nmethod 6995 0x0318b608 code [0x0318b700, 0x0318b7a0]
Event: 1479.552 Thread 0x25db3400 6996   !         sun.awt.AppContext::get (123 bytes)
Event: 1479.554 Thread 0x25db3400 nmethod 6996 0x0340b1c8 code [0x0340b2e0, 0x0340b6bc]

GC Heap History (10 events):
Event: 670.695 GC heap before
{Heap before GC invocations=10 (full 2):
 def new generation   total 39424K, used 35549K [0x05200000, 0x07cc0000, 0x0fca0000)
  eden space 35072K, 100% used [0x05200000, 0x07440000, 0x07440000)
  from space 4352K,  10% used [0x07440000, 0x074b7768, 0x07880000)
  to   space 4352K,   0% used [0x07880000, 0x07880000, 0x07cc0000)
 tenured generation   total 87424K, used 29412K [0x0fca0000, 0x15200000, 0x25200000)
   the space 87424K,  33% used [0x0fca0000, 0x11959368, 0x11959400, 0x15200000)
 Metaspace       used 19859K, capacity 20355K, committed 20608K, reserved 20864K
Event: 670.703 GC heap after
Heap after GC invocations=11 (full 2):
 def new generation   total 39424K, used 720K [0x05200000, 0x07cc0000, 0x0fca0000)
  eden space 35072K,   0% used [0x05200000, 0x05200000, 0x07440000)
  from space 4352K,  16% used [0x07880000, 0x07934120, 0x07cc0000)
  to   space 4352K,   0% used [0x07440000, 0x07440000, 0x07880000)
 tenured generation   total 87424K, used 29412K [0x0fca0000, 0x15200000, 0x25200000)
   the space 87424K,  33% used [0x0fca0000, 0x11959368, 0x11959400, 0x15200000)
 Metaspace       used 19859K, capacity 20355K, committed 20608K, reserved 20864K
}
Event: 847.306 GC heap before
{Heap before GC invocations=11 (full 2):
 def new generation   total 39424K, used 35792K [0x05200000, 0x07cc0000, 0x0fca0000)
  eden space 35072K, 100% used [0x05200000, 0x07440000, 0x07440000)
  from space 4352K,  16% used [0x07880000, 0x07934120, 0x07cc0000)
  to   space 4352K,   0% used [0x07440000, 0x07440000, 0x07880000)
 tenured generation   total 87424K, used 29412K [0x0fca0000, 0x15200000, 0x25200000)
   the space 87424K,  33% used [0x0fca0000, 0x11959368, 0x11959400, 0x15200000)
 Metaspace       used 19861K, capacity 20355K, committed 20608K, reserved 20864K
Event: 847.309 GC heap after
Heap after GC invocations=12 (full 2):
 def new generation   total 39424K, used 1026K [0x05200000, 0x07cc0000, 0x0fca0000)
  eden space 35072K,   0% used [0x05200000, 0x05200000, 0x07440000)
  from space 4352K,  23% used [0x07440000, 0x07540b60, 0x07880000)
  to   space 4352K,   0% used [0x07880000, 0x07880000, 0x07cc0000)
 tenured generation   total 87424K, used 29412K [0x0fca0000, 0x15200000, 0x25200000)
   the space 87424K,  33% used [0x0fca0000, 0x11959368, 0x11959400, 0x15200000)
 Metaspace       used 19861K, capacity 20355K, committed 20608K, reserved 20864K
}
Event: 1009.273 GC heap before
{Heap before GC invocations=12 (full 2):
 def new generation   total 39424K, used 36098K [0x05200000, 0x07cc0000, 0x0fca0000)
  eden space 35072K, 100% used [0x05200000, 0x07440000, 0x07440000)
  from space 4352K,  23% used [0x07440000, 0x07540b60, 0x07880000)
  to   space 4352K,   0% used [0x07880000, 0x07880000, 0x07cc0000)
 tenured generation   total 87424K, used 29412K [0x0fca0000, 0x15200000, 0x25200000)
   the space 87424K,  33% used [0x0fca0000, 0x11959368, 0x11959400, 0x15200000)
 Metaspace       used 20038K, capacity 20518K, committed 20736K, reserved 20864K
Event: 1009.281 GC heap after
Heap after GC invocations=13 (full 2):
 def new generation   total 39424K, used 1635K [0x05200000, 0x07cc0000, 0x0fca0000)
  eden space 35072K,   0% used [0x05200000, 0x05200000, 0x07440000)
  from space 4352K,  37% used [0x07880000, 0x07a18ec8, 0x07cc0000)
  to   space 4352K,   0% used [0x07440000, 0x07440000, 0x07880000)
 tenured generation   total 87424K, used 29412K [0x0fca0000, 0x15200000, 0x25200000)
   the space 87424K,  33% used [0x0fca0000, 0x11959368, 0x11959400, 0x15200000)
 Metaspace       used 20038K, capacity 20518K, committed 20736K, reserved 20864K
}
Event: 1183.537 GC heap before
{Heap before GC invocations=13 (full 2):
 def new generation   total 39424K, used 36707K [0x05200000, 0x07cc0000, 0x0fca0000)
  eden space 35072K, 100% used [0x05200000, 0x07440000, 0x07440000)
  from space 4352K,  37% used [0x07880000, 0x07a18ec8, 0x07cc0000)
  to   space 4352K,   0% used [0x07440000, 0x07440000, 0x07880000)
 tenured generation   total 87424K, used 29412K [0x0fca0000, 0x15200000, 0x25200000)
   the space 87424K,  33% used [0x0fca0000, 0x11959368, 0x11959400, 0x15200000)
 Metaspace       used 20045K, capacity 20518K, committed 20736K, reserved 20864K
Event: 1183.574 GC heap after
Heap after GC invocations=14 (full 2):
 def new generation   total 39424K, used 1499K [0x05200000, 0x07cc0000, 0x0fca0000)
  eden space 35072K,   0% used [0x05200000, 0x05200000, 0x07440000)
  from space 4352K,  34% used [0x07440000, 0x075b6df8, 0x07880000)
  to   space 4352K,   0% used [0x07880000, 0x07880000, 0x07cc0000)
 tenured generation   total 87424K, used 29412K [0x0fca0000, 0x15200000, 0x25200000)
   the space 87424K,  33% used [0x0fca0000, 0x11959368, 0x11959400, 0x15200000)
 Metaspace       used 20045K, capacity 20518K, committed 20736K, reserved 20864K
}
Event: 1353.954 GC heap before
{Heap before GC invocations=14 (full 2):
 def new generation   total 39424K, used 36571K [0x05200000, 0x07cc0000, 0x0fca0000)
  eden space 35072K, 100% used [0x05200000, 0x07440000, 0x07440000)
  from space 4352K,  34% used [0x07440000, 0x075b6df8, 0x07880000)
  to   space 4352K,   0% used [0x07880000, 0x07880000, 0x07cc0000)
 tenured generation   total 87424K, used 29412K [0x0fca0000, 0x15200000, 0x25200000)
   the space 87424K,  33% used [0x0fca0000, 0x11959368, 0x11959400, 0x15200000)
 Metaspace       used 20045K, capacity 20518K, committed 20736K, reserved 20864K
Event: 1353.994 GC heap after
Heap after GC invocations=15 (full 2):
 def new generation   total 39424K, used 1741K [0x05200000, 0x07cc0000, 0x0fca0000)
  eden space 35072K,   0% used [0x05200000, 0x05200000, 0x07440000)
  from space 4352K,  40% used [0x07880000, 0x07a33460, 0x07cc0000)
  to   space 4352K,   0% used [0x07440000, 0x07440000, 0x07880000)
 tenured generation   total 87424K, used 29412K [0x0fca0000, 0x15200000, 0x25200000)
   the space 87424K,  33% used [0x0fca0000, 0x11959368, 0x11959400, 0x15200000)
 Metaspace       used 20045K, capacity 20518K, committed 20736K, reserved 20864K
}

Deoptimization events (0 events):
No events

Internal exceptions (10 events):
Event: 151.867 Thread 0x27af2800 Exception <a 'sun/nio/fs/WindowsException'> (0x06363c28) thrown at [C:\workspace\8-2-build-windows-i586-cygwin\jdk8u92\6642\hotspot\src\share\vm\prims\jni.cpp, line 709]
Event: 151.867 Thread 0x27af2800 Exception <a 'sun/nio/fs/WindowsException'> (0x06364248) thrown at [C:\workspace\8-2-build-windows-i586-cygwin\jdk8u92\6642\hotspot\src\share\vm\prims\jni.cpp, line 709]
Event: 151.869 Thread 0x27af2800 Exception <a 'sun/nio/fs/WindowsException'> (0x0636de40) thrown at [C:\workspace\8-2-build-windows-i586-cygwin\jdk8u92\6642\hotspot\src\share\vm\prims\jni.cpp, line 709]
Event: 151.869 Thread 0x27af2800 Exception <a 'sun/nio/fs/WindowsException'> (0x0636e438) thrown at [C:\workspace\8-2-build-windows-i586-cygwin\jdk8u92\6642\hotspot\src\share\vm\prims\jni.cpp, line 709]
Event: 151.870 Thread 0x27af2800 Exception <a 'sun/nio/fs/WindowsException'> (0x06378948) thrown at [C:\workspace\8-2-build-windows-i586-cygwin\jdk8u92\6642\hotspot\src\share\vm\prims\jni.cpp, line 709]
Event: 151.870 Thread 0x27af2800 Exception <a 'sun/nio/fs/WindowsException'> (0x06378fb8) thrown at [C:\workspace\8-2-build-windows-i586-cygwin\jdk8u92\6642\hotspot\src\share\vm\prims\jni.cpp, line 709]
Event: 151.871 Thread 0x27af2800 Exception <a 'sun/nio/fs/WindowsException'> (0x06383178) thrown at [C:\workspace\8-2-build-windows-i586-cygwin\jdk8u92\6642\hotspot\src\share\vm\prims\jni.cpp, line 709]
Event: 151.871 Thread 0x27af2800 Exception <a 'sun/nio/fs/WindowsException'> (0x063837a8) thrown at [C:\workspace\8-2-build-windows-i586-cygwin\jdk8u92\6642\hotspot\src\share\vm\prims\jni.cpp, line 709]
Event: 151.872 Thread 0x27af2800 Exception <a 'sun/nio/fs/WindowsException'> (0x0638d6d8) thrown at [C:\workspace\8-2-build-windows-i586-cygwin\jdk8u92\6642\hotspot\src\share\vm\prims\jni.cpp, line 709]
Event: 151.872 Thread 0x27af2800 Exception <a 'sun/nio/fs/WindowsException'> (0x0638dce0) thrown at [C:\workspace\8-2-build-windows-i586-cygwin\jdk8u92\6642\hotspot\src\share\vm\prims\jni.cpp, line 709]

Events (10 events):
Event: 1469.809 Thread 0x25db3400 flushing nmethod 0x031ba5c8
Event: 1469.833 Thread 0x25db3400 flushing nmethod 0x0339ae08
Event: 1469.833 Thread 0x25db3400 flushing nmethod 0x03409b48
Event: 1471.856 Thread 0x25db3400 flushing nmethod 0x0315a688
Event: 1477.529 Thread 0x25db3400 flushing nmethod 0x0318a448
Event: 1477.530 Thread 0x25db3400 flushing nmethod 0x03295b48
Event: 1477.540 Thread 0x25db3400 flushing nmethod 0x03372b48
Event: 1479.554 Thread 0x25db3400 flushing nmethod 0x0318a248
Event: 1479.555 Thread 0x25db3400 flushing nmethod 0x03294d88
Event: 1479.555 Thread 0x25db3400 flushing nmethod 0x032c5fc8


Dynamic libraries:
0x00350000 - 0x00383000 	C:\Program Files (x86)\Arduino\java\bin\javaw.exe
0x770b0000 - 0x7722b000 	C:\Windows\SYSTEM32\ntdll.dll
0x75a50000 - 0x75b30000 	C:\Windows\SYSTEM32\KERNEL32.DLL
0x76a30000 - 0x76bae000 	C:\Windows\SYSTEM32\KERNELBASE.dll
0x6ad90000 - 0x6adbf000 	C:\Program Files\AVAST Software\Avast\aswhookx.dll
0x76bc0000 - 0x76c3b000 	C:\Windows\SYSTEM32\ADVAPI32.dll
0x75990000 - 0x75a4e000 	C:\Windows\SYSTEM32\msvcrt.dll
0x76f60000 - 0x76fa4000 	C:\Windows\SYSTEM32\sechost.dll
0x76e00000 - 0x76ead000 	C:\Windows\SYSTEM32\RPCRT4.dll
0x73de0000 - 0x73dfe000 	C:\Windows\SYSTEM32\SspiCli.dll
0x73dd0000 - 0x73dda000 	C:\Windows\SYSTEM32\CRYPTBASE.dll
0x76810000 - 0x76868000 	C:\Windows\SYSTEM32\bcryptPrimitives.dll
0x73fd0000 - 0x74117000 	C:\Windows\SYSTEM32\USER32.dll
0x755b0000 - 0x756ff000 	C:\Windows\SYSTEM32\GDI32.dll
0x6ea30000 - 0x6ec3f000 	C:\Windows\WinSxS\x86_microsoft.windows.common-controls_6595b64144ccf1df_6.0.10586.589_none_ea8aeaa1b9b5d5d4\COMCTL32.dll
0x76c40000 - 0x76dfd000 	C:\Windows\SYSTEM32\combase.dll
0x767a0000 - 0x767cb000 	C:\Windows\SYSTEM32\IMM32.DLL
0x70e50000 - 0x70f0f000 	C:\Program Files (x86)\Arduino\java\bin\msvcr100.dll
0x5edf0000 - 0x5f1bb000 	C:\Program Files (x86)\Arduino\java\bin\client\jvm.dll
0x76bb0000 - 0x76bb6000 	C:\Windows\SYSTEM32\PSAPI.DLL
0x73a30000 - 0x73a38000 	C:\Windows\SYSTEM32\WSOCK32.dll
0x77050000 - 0x770af000 	C:\Windows\SYSTEM32\WS2_32.dll
0x6cc70000 - 0x6cc94000 	C:\Windows\SYSTEM32\WINMM.dll
0x73d00000 - 0x73d08000 	C:\Windows\SYSTEM32\VERSION.dll
0x6bc00000 - 0x6bc23000 	C:\Windows\SYSTEM32\WINMMBASE.dll
0x767d0000 - 0x76807000 	C:\Windows\SYSTEM32\cfgmgr32.dll
0x6aab0000 - 0x6aae1000 	C:\Program Files (x86)\Arduino\java\bin\splashscreen.dll
0x6e9b0000 - 0x6ea25000 	C:\Windows\system32\uxtheme.dll
0x73e10000 - 0x73f2f000 	C:\Windows\SYSTEM32\MSCTF.dll
0x70e40000 - 0x70e4c000 	C:\Program Files (x86)\Arduino\java\bin\verify.dll
0x6aa80000 - 0x6aaa1000 	C:\Program Files (x86)\Arduino\java\bin\java.dll
0x70e20000 - 0x70e33000 	C:\Program Files (x86)\Arduino\java\bin\zip.dll
0x75ba0000 - 0x75bac000 	C:\Windows\SYSTEM32\kernel.appcore.dll
0x74120000 - 0x7551e000 	C:\Windows\SYSTEM32\SHELL32.dll
0x75d30000 - 0x7622a000 	C:\Windows\SYSTEM32\windows.storage.dll
0x76f10000 - 0x76f55000 	C:\Windows\SYSTEM32\shlwapi.dll
0x75520000 - 0x755ad000 	C:\Windows\SYSTEM32\shcore.dll
0x76920000 - 0x76964000 	C:\Windows\SYSTEM32\powrprof.dll
0x76790000 - 0x7679f000 	C:\Windows\SYSTEM32\profapi.dll
0x6a880000 - 0x6a9c5000 	C:\Program Files (x86)\Arduino\java\bin\awt.dll
0x73f30000 - 0x73fc5000 	C:\Windows\SYSTEM32\OLEAUT32.dll
0x6ec70000 - 0x6ed02000 	C:\Windows\system32\apphelp.dll
0x6a4b0000 - 0x6a4cd000 	C:\Windows\system32\dwmapi.dll
0x76230000 - 0x7631b000 	C:\Windows\SYSTEM32\ole32.dll
0x6b4c0000 - 0x6b4d6000 	C:\Program Files (x86)\Arduino\java\bin\net.dll
0x71a10000 - 0x71a5f000 	C:\Windows\system32\mswsock.dll
0x731f0000 - 0x7321f000 	C:\Windows\SYSTEM32\IPHLPAPI.DLL
0x73e00000 - 0x73e07000 	C:\Windows\SYSTEM32\NSI.dll
0x61740000 - 0x6176c000 	C:\Program Files (x86)\Arduino\lib\listSerialsj.dll
0x76380000 - 0x7678b000 	C:\Windows\SYSTEM32\SETUPAPI.dll
0x719f0000 - 0x71a03000 	C:\Windows\SYSTEM32\dhcpcsvc6.DLL
0x719d0000 - 0x719e4000 	C:\Windows\SYSTEM32\dhcpcsvc.DLL
0x72f20000 - 0x72f33000 	C:\Windows\SYSTEM32\CRYPTSP.dll
0x72ef0000 - 0x72f1f000 	C:\Windows\system32\rsaenh.dll
0x72ed0000 - 0x72eeb000 	C:\Windows\SYSTEM32\bcrypt.dll
0x72440000 - 0x72459000 	C:\Windows\SYSTEM32\USERENV.dll
0x6ee20000 - 0x6ee2f000 	C:\Program Files (x86)\Arduino\java\bin\nio.dll
0x270f0000 - 0x2712d000 	C:\Users\olmanqj\AppData\Local\Temp\jna--1370695370\jna3844423373220526066.dll
0x73160000 - 0x731e4000 	C:\Windows\SYSTEM32\DNSAPI.dll
0x6e720000 - 0x6e741000 	C:\Program Files (x86)\Bonjour\mdnsNSP.dll
0x6a840000 - 0x6a879000 	C:\Program Files (x86)\Arduino\java\bin\fontmanager.dll
0x6a800000 - 0x6a832000 	C:\Program Files (x86)\Arduino\java\bin\t2k.dll
0x705b0000 - 0x705b8000 	C:\Windows\System32\rasadhlp.dll
0x6ce40000 - 0x6ce87000 	C:\Windows\System32\fwpuclnt.dll
0x73da0000 - 0x73dc2000 	C:\Windows\SYSTEM32\DEVOBJ.dll
0x76870000 - 0x768b2000 	C:\Windows\SYSTEM32\WINTRUST.dll
0x75b90000 - 0x75b9e000 	C:\Windows\SYSTEM32\MSASN1.dll
0x75bb0000 - 0x75d29000 	C:\Windows\SYSTEM32\CRYPT32.dll
0x6a790000 - 0x6a7f9000 	C:\Program Files (x86)\Arduino\msvcp100.dll
0x66b60000 - 0x66c1e000 	C:\Program Files (x86)\Arduino\msvcr100.dll
0x28630000 - 0x28662000 	C:\Program Files (x86)\Arduino\lib\AStylej.dll
0x6aa50000 - 0x6aa74000 	C:\Program Files (x86)\Arduino\java\bin\dcpr.dll
0x76fb0000 - 0x77034000 	C:\Windows\SYSTEM32\clbcatq.dll
0x66c20000 - 0x66d93000 	C:\Windows\SYSTEM32\WindowsCodecs.dll
0x58780000 - 0x587c1000 	C:\Windows\system32\dataexchange.dll
0x66280000 - 0x6649a000 	C:\Windows\system32\d3d11.dll
0x586d0000 - 0x58777000 	C:\Windows\system32\dcomp.dll
0x69210000 - 0x69292000 	C:\Windows\system32\dxgi.dll
0x58600000 - 0x586ce000 	C:\Windows\system32\twinapi.appcore.dll
0x6a770000 - 0x6a790000 	C:\Program Files (x86)\Arduino\java\bin\sunec.dll
0x6b0b0000 - 0x6b0b9000 	C:\Program Files (x86)\Arduino\java\bin\sunmscapi.dll
0x6ec40000 - 0x6ec52000 	C:\Windows\system32\napinsp.dll
0x705f0000 - 0x70606000 	C:\Windows\system32\pnrpnsp.dll
0x6c980000 - 0x6c994000 	C:\Windows\system32\NLAapi.dll
0x705e0000 - 0x705eb000 	C:\Windows\System32\winrnr.dll
0x705c0000 - 0x705d1000 	C:\Windows\System32\wshbth.dll
0x64000000 - 0x6401b000 	C:\Users\olmanqj\.jssc\windows\jSSC-2.8_x86.dll
0x73020000 - 0x7315f000 	C:\Windows\SYSTEM32\dbghelp.dll

VM Arguments:
jvm_args: -Dsun.java2d.d3d=false -Djna.nosys=true -DAPP_DIR=C:\Program Files (x86)\Arduino -Xms128M -Xmx512M 
java_command: processing.app.Base C:\Users\olmanqj\arliss\arliss\arliss.ino
java_class_path (initial): C:\Program Files (x86)\Arduino\lib\apple.jar;C:\Program Files (x86)\Arduino\lib\arduino-core.jar;C:\Program Files (x86)\Arduino\lib\batik-1.8.jar;C:\Program Files (x86)\Arduino\lib\batik-anim-1.8.jar;C:\Program Files (x86)\Arduino\lib\batik-awt-util-1.8.jar;C:\Program Files (x86)\Arduino\lib\batik-bridge-1.8.jar;C:\Program Files (x86)\Arduino\lib\batik-codec-1.8.jar;C:\Program Files (x86)\Arduino\lib\batik-css-1.8.jar;C:\Program Files (x86)\Arduino\lib\batik-dom-1.8.jar;C:\Program Files (x86)\Arduino\lib\batik-ext-1.8.jar;C:\Program Files (x86)\Arduino\lib\batik-gvt-1.8.jar;C:\Program Files (x86)\Arduino\lib\batik-parser-1.8.jar;C:\Program Files (x86)\Arduino\lib\batik-rasterizer-1.8.jar;C:\Program Files (x86)\Arduino\lib\batik-script-1.8.jar;C:\Program Files (x86)\Arduino\lib\batik-squiggle-1.8.jar;C:\Program Files (x86)\Arduino\lib\batik-svg-dom-1.8.jar;C:\Program Files (x86)\Arduino\lib\batik-svgpp-1.8.jar;C:\Program Files (x86)\Arduino\lib\batik-transcoder-1.8.jar;C:\Program Files (x86)\Arduino\lib\batik-util-1.8.jar;C:\Program Files (x86)\Arduino\lib\batik-xml-1.8.jar;C:\Program Files (x86)\Arduino\lib\bcpg-jdk15on-152.jar;C:\Program Files (x86)\Arduino\lib\bcprov-jdk15on-152.jar;C:\Program Files (x86)\Arduino\lib\commons-codec-1.7.jar;C:\Program Files (x86)\Arduino\lib\commons-compress-1.8.jar;C:\Program Files (x86)\Arduino\lib\commons-exec-1.1.jar;C:\Program Files (x86)\Arduino\lib\commons-httpclient-3.1.jar;C:\Program Files (x86)\Arduino\lib\commons-lang3-3.3.2.jar;C:\Program Files (x86)\Arduino\lib\commons-logging-1.0.4.jar;C:\Program Files (x86)\Arduino\lib\commons-net-3.3.jar;C:\Program Files (x86)\Arduino\lib\jackson-annotations-2.6.3.jar;C:\Program Files (x86)\Arduino\lib\jackson-core-2.6.3.jar;C:\Program Files (x86)\Arduino\lib\jackson-databind-2.6.3.jar;C:\Program Files (x86)\Arduino\lib\jackson-module-mrbean-2.6.3.jar;C:\Program Files (x86)\Arduino\lib\java-semver-0.8.0.jar;C:\Program Files (x86)\Arduino\lib\jmdns-3.4.1.j
Launcher Type: SUN_STANDARD

Environment Variables:
PATH=C:\Python27\;C:\Python27\Scripts;C:\WATCOM\BINNT;C:\WATCOM\BINW;C:\ProgramData\Oracle\Java\javapath;C:\Program Files (x86)\Intel\iCLS Client\;C:\Program Files\Intel\iCLS Client\;C:\Windows\system32;C:\Windows;C:\Windows\System32\Wbem;C:\Windows\System32\WindowsPowerShell\v1.0\;C:\Program Files (x86)\Intel\Intel(R) Management Engine Components\DAL;C:\Program Files\Intel\Intel(R) Management Engine Components\DAL;C:\Program Files (x86)\Intel\Intel(R) Management Engine Components\IPT;C:\Program Files\Intel\Intel(R) Management Engine Components\IPT;C:\Program Files\Intel\WiFi\bin\;C:\Program Files\Common Files\Intel\WirelessCommon\;%USERPROFILE%\.dnx\bin;C:\Program Files\Microsoft DNX\Dnvm\;C:\Program Files\Microsoft SQL Server\130\Tools\Binn\;C:\Program Files\Git\cmd;C:\Program Files (x86)\Windows Kits\10\Windows Performance Toolkit\;C:\Program Files (x86)\Skype\Phone\;C:\MinGW\bin;C:\avr32-gnu-toolchain\bin;C:\Program Files (x86)\Arduino\java\bin
USERNAME=olmanqj
OS=Windows_NT
PROCESSOR_IDENTIFIER=Intel64 Family 6 Model 61 Stepping 4, GenuineIntel



---------------  S Y S T E M  ---------------

OS: Windows 10.0 , 64 bit Build 10586 (10.0.10586.589)

CPU:total 4 (2 cores per cpu, 2 threads per core) family 6 model 61 stepping 4, cmov, cx8, fxsr, mmx, sse, sse2, sse3, ssse3, sse4.1, sse4.2, popcnt, avx, avx2, aes, clmul, erms, 3dnowpref, lzcnt, ht, tsc, tscinvbit, bmi1, bmi2, adx

Memory: 4k page, physical 4102136k(1076472k free), swap 6592504k(2226252k free)

vm_info: Java HotSpot(TM) Client VM (25.92-b14) for windows-x86 JRE (1.8.0_92-b14), built on Mar 31 2016 21:09:21 by "java_re" with MS VC++ 10.0 (VS2010)

time: Sun Aug 20 22:50:46 2017
elapsed time: 1486 seconds (0d 0h 24m 46s)

